2018-08-22 23:18:25 INFO  JavaRushTasksProjectComponent.projectOpened(68) - ---------- Project JavaRushTasks opened ----------
2018-08-22 23:18:25 INFO  JavaRushTasksProjectComponent.projectOpened(69) - ---------- Version 3.19 ----------

2018-08-22 23:18:25 INFO  ApacheHttpClient.createAsyncHttpClient(129) - Выбрано 1 прокси. Тип : DIRECT
2018-08-22 23:18:25 INFO  ApacheHttpClient.<init>(87) - ApacheHttpClient проинстанциирован успешно.
2018-08-22 23:18:29 INFO  ApacheHttpClient.testConnection(187) - responseCode = 200
2018-08-22 23:18:29 INFO  ApacheHttpClient.testConnection(195) - result = true
2018-08-22 23:18:30 INFO  ApacheHttpClient.login(225) - Ожидание ответа сервера.
2018-08-22 23:18:30 INFO  ApacheHttpClient.login(225) - Ожидание ответа сервера.
2018-08-22 23:18:30 INFO  ApacheHttpClient.login(225) - Ожидание ответа сервера.
2018-08-22 23:18:30 INFO  ApacheHttpClient.login(229) - responseCode = 200
2018-08-22 23:18:30 INFO  ApacheHttpClient.login(260) - JSESSIONID OK
2018-08-22 23:18:49 ERROR ApacheHttpClient.refreshUserInfo(299) - Ошибка обновления информации о пользователе. : java.util.concurrent.ExecutionException
2018-08-22 23:18:49 ERROR ProjectManagerImpl.error(118) - From listener com.javarush.plugin.JavaRushTasksProjectComponent$1@1a4847f0 (class com.javarush.plugin.JavaRushTasksProjectComponent$1)
java.lang.NullPointerException
	at com.javarush.plugin.JavaRushTasksProjectComponent$1.projectOpened(JavaRushTasksProjectComponent.java:88)
	at com.intellij.openapi.project.impl.ProjectManagerImpl$1.projectOpened(ProjectManagerImpl.java:89)
	at sun.reflect.NativeMethodAccessorImpl.invoke0(Native Method)
	at sun.reflect.NativeMethodAccessorImpl.invoke(NativeMethodAccessorImpl.java:62)
	at sun.reflect.DelegatingMethodAccessorImpl.invoke(DelegatingMethodAccessorImpl.java:43)
	at java.lang.reflect.Method.invoke(Method.java:498)
	at com.intellij.util.messages.impl.MessageBusConnectionImpl.deliverMessage(MessageBusConnectionImpl.java:117)
	at com.intellij.util.messages.impl.MessageBusImpl.doPumpMessages(MessageBusImpl.java:426)
	at com.intellij.util.messages.impl.MessageBusImpl.pumpWaitingBuses(MessageBusImpl.java:387)
	at com.intellij.util.messages.impl.MessageBusImpl.pumpMessages(MessageBusImpl.java:376)
	at com.intellij.util.messages.impl.MessageBusImpl.sendMessage(MessageBusImpl.java:357)
	at com.intellij.util.messages.impl.MessageBusImpl.access$200(MessageBusImpl.java:43)
	at com.intellij.util.messages.impl.MessageBusImpl$2.invoke(MessageBusImpl.java:208)
	at com.sun.proxy.$Proxy21.projectOpened(Unknown Source)
	at com.intellij.openapi.project.impl.ProjectManagerImpl.fireProjectOpened(ProjectManagerImpl.java:761)
	at com.intellij.openapi.project.impl.ProjectManagerImpl.lambda$null$6(ProjectManagerImpl.java:386)
	at com.intellij.openapi.application.TransactionGuardImpl.lambda$submitTransactionAndWait$2(TransactionGuardImpl.java:165)
	at com.intellij.openapi.application.TransactionGuardImpl.runSyncTransaction(TransactionGuardImpl.java:88)
	at com.intellij.openapi.application.TransactionGuardImpl.lambda$submitTransaction$1(TransactionGuardImpl.java:111)
	at com.intellij.openapi.application.impl.LaterInvocator$FlushQueue.doRun(LaterInvocator.java:447)
	at com.intellij.openapi.application.impl.LaterInvocator$FlushQueue.runNextEvent(LaterInvocator.java:431)
	at com.intellij.openapi.application.impl.LaterInvocator$FlushQueue.run(LaterInvocator.java:415)
	at java.awt.event.InvocationEvent.dispatch(InvocationEvent.java:311)
	at java.awt.EventQueue.dispatchEventImpl(EventQueue.java:762)
	at java.awt.EventQueue.access$500(EventQueue.java:98)
	at java.awt.EventQueue$3.run(EventQueue.java:715)
	at java.awt.EventQueue$3.run(EventQueue.java:709)
	at java.security.AccessController.doPrivileged(Native Method)
	at java.security.ProtectionDomain$JavaSecurityAccessImpl.doIntersectionPrivilege(ProtectionDomain.java:80)
	at java.awt.EventQueue.dispatchEvent(EventQueue.java:732)
	at com.intellij.ide.IdeEventQueue.defaultDispatchEvent(IdeEventQueue.java:779)
	at com.intellij.ide.IdeEventQueue._dispatchEvent(IdeEventQueue.java:720)
	at com.intellij.ide.IdeEventQueue.dispatchEvent(IdeEventQueue.java:395)
	at com.intellij.ide.IdeEventQueue.pumpEventsForHierarchy(IdeEventQueue.java:862)
	at com.intellij.openapi.progress.util.ProgressWindow.startBlocking(ProgressWindow.java:215)
	at com.intellij.openapi.progress.util.ProgressWindow.startBlocking(ProgressWindow.java:201)
	at com.intellij.openapi.application.impl.ApplicationImpl.runProcessWithProgressSynchronously(ApplicationImpl.java:579)
	at com.intellij.openapi.progress.impl.CoreProgressManager.runProcessWithProgressSynchronously(CoreProgressManager.java:446)
	at com.intellij.openapi.progress.impl.ProgressManagerImpl.runProcessWithProgressSynchronously(ProgressManagerImpl.java:109)
	at com.intellij.openapi.progress.impl.CoreProgressManager.runSynchronously(CoreProgressManager.java:318)
	at com.intellij.openapi.progress.impl.CoreProgressManager.run(CoreProgressManager.java:303)
	at com.intellij.openapi.progress.ProgressManager.run(ProgressManager.java:192)
	at com.intellij.openapi.project.impl.ProjectManagerImpl.loadAndOpenProject(ProjectManagerImpl.java:478)
	at com.intellij.ide.impl.ProjectUtil.openProject(ProjectUtil.java:191)
	at com.intellij.ide.RecentProjectsManagerImpl.doOpenProject(RecentProjectsManagerImpl.java:63)
	at com.intellij.ide.ReopenProjectAction.actionPerformed(ReopenProjectAction.java:72)
	at com.intellij.openapi.wm.impl.welcomeScreen.RecentProjectPanel$3.onClick(RecentProjectPanel.java:155)
	at com.intellij.ui.ClickListener$1.mouseReleased(ClickListener.java:73)
	at java.awt.AWTEventMulticaster.mouseReleased(AWTEventMulticaster.java:290)
	at java.awt.AWTEventMulticaster.mouseReleased(AWTEventMulticaster.java:289)
	at java.awt.AWTEventMulticaster.mouseReleased(AWTEventMulticaster.java:289)
	at java.awt.Component.processMouseEvent(Component.java:6541)
	at javax.swing.JComponent.processMouseEvent(JComponent.java:3325)
	at java.awt.Component.processEvent(Component.java:6306)
	at java.awt.Container.processEvent(Container.java:2237)
	at java.awt.Component.dispatchEventImpl(Component.java:4897)
	at java.awt.Container.dispatchEventImpl(Container.java:2295)
	at java.awt.Component.dispatchEvent(Component.java:4719)
	at java.awt.LightweightDispatcher.retargetMouseEvent(Container.java:4889)
	at java.awt.LightweightDispatcher.processMouseEvent(Container.java:4526)
	at java.awt.LightweightDispatcher.dispatchEvent(Container.java:4467)
	at java.awt.Container.dispatchEventImpl(Container.java:2281)
	at java.awt.Window.dispatchEventImpl(Window.java:2746)
	at java.awt.Component.dispatchEvent(Component.java:4719)
	at java.awt.EventQueue.dispatchEventImpl(EventQueue.java:764)
	at java.awt.EventQueue.access$500(EventQueue.java:98)
	at java.awt.EventQueue$3.run(EventQueue.java:715)
	at java.awt.EventQueue$3.run(EventQueue.java:709)
	at java.security.AccessController.doPrivileged(Native Method)
	at java.security.ProtectionDomain$JavaSecurityAccessImpl.doIntersectionPrivilege(ProtectionDomain.java:80)
	at java.security.ProtectionDomain$JavaSecurityAccessImpl.doIntersectionPrivilege(ProtectionDomain.java:90)
	at java.awt.EventQueue$4.run(EventQueue.java:737)
	at java.awt.EventQueue$4.run(EventQueue.java:735)
	at java.security.AccessController.doPrivileged(Native Method)
	at java.security.ProtectionDomain$JavaSecurityAccessImpl.doIntersectionPrivilege(ProtectionDomain.java:80)
	at java.awt.EventQueue.dispatchEvent(EventQueue.java:734)
	at com.intellij.ide.IdeEventQueue.defaultDispatchEvent(IdeEventQueue.java:779)
	at com.intellij.ide.IdeEventQueue._dispatchEvent(IdeEventQueue.java:716)
	at com.intellij.ide.IdeEventQueue.dispatchEvent(IdeEventQueue.java:395)
	at java.awt.EventDispatchThread.pumpOneEventForFilters(EventDispatchThread.java:201)
	at java.awt.EventDispatchThread.pumpEventsForFilter(EventDispatchThread.java:116)
	at java.awt.EventDispatchThread.pumpEventsForHierarchy(EventDispatchThread.java:105)
	at java.awt.EventDispatchThread.pumpEvents(EventDispatchThread.java:101)
	at java.awt.EventDispatchThread.pumpEvents(EventDispatchThread.java:93)
	at java.awt.EventDispatchThread.run(EventDispatchThread.java:82)
2018-08-22 23:18:49 ERROR ProjectManagerImpl.logErrorHeader(126) - IntelliJ IDEA 2018.1.2  Build #IC-181.4668.68
2018-08-22 23:18:49 ERROR ProjectManagerImpl.logErrorHeader(133) - JDK: 1.8.0_152-release
2018-08-22 23:18:49 ERROR ProjectManagerImpl.logErrorHeader(134) - VM: OpenJDK 64-Bit Server VM
2018-08-22 23:18:49 ERROR ProjectManagerImpl.logErrorHeader(135) - Vendor: JetBrains s.r.o
2018-08-22 23:18:49 ERROR ProjectManagerImpl.logErrorHeader(136) - OS: Windows 10
2018-08-22 23:18:49 ERROR ProjectManagerImpl.logErrorHeader(142) - Last Action: 
2018-08-22 23:19:58 INFO  ApacheHttpClient.getWebResourceAsStream(434) - responseCode = 200
2018-08-22 23:20:03 INFO  ApacheHttpClient.getWebResourceAsStream(434) - responseCode = 200
2018-08-22 23:20:05 INFO  JavaRushTasksProjectComponent.projectClosing(165) - ---------- Project JavaRushTasks closed ----------

2018-08-22 23:20:16 INFO  JavaRushTasksProjectComponent.projectOpened(68) - ---------- Project JavaRushTasks opened ----------
2018-08-22 23:20:16 INFO  JavaRushTasksProjectComponent.projectOpened(69) - ---------- Version 3.21 ----------

2018-08-22 23:20:16 INFO  ApacheHttpClient.createAsyncHttpClient(129) - Выбрано 1 прокси. Тип : DIRECT
2018-08-22 23:20:16 INFO  ApacheHttpClient.<init>(87) - ApacheHttpClient проинстанциирован успешно.
2018-08-22 23:20:16 INFO  ApacheHttpClient.testConnection(187) - responseCode = 200
2018-08-22 23:20:16 INFO  ApacheHttpClient.testConnection(198) - result = true
2018-08-22 23:20:17 INFO  ApacheHttpClient.login(228) - Ожидание ответа сервера.
2018-08-22 23:20:17 INFO  ApacheHttpClient.login(232) - responseCode = 200
2018-08-22 23:20:17 INFO  ApacheHttpClient.login(263) - JSESSIONID OK
2018-08-22 23:20:17 INFO  ApacheHttpClient.refreshUserInfo(291) - responseCode = 200
2018-08-22 23:20:17 INFO  ApacheHttpClient.refreshUserInfo(297) - Информация о пользователе получена.
2018-08-22 23:20:17 INFO  ApacheHttpClient.startGA(31) - GAService запущен.
2018-08-22 23:20:17 INFO  AbstractRestApiClient.startService(70) - EventsService запущен.
2018-08-22 23:20:31 INFO  ApacheHttpClient.getWebResourceAsStream(437) - responseCode = 200
2018-08-22 23:20:31 INFO  ApacheHttpClient.getFilteredTasks(324) - responseCode = 200
2018-08-22 23:20:34 INFO  ApacheHttpClient.getTaskTemplateInfo(341) - responseCode = 200
2018-08-22 23:20:36 INFO  ApacheHttpClient.testConnection(187) - responseCode = 200
2018-08-22 23:20:36 INFO  ApacheHttpClient.testConnection(198) - result = true
2018-08-22 23:20:37 INFO  ApacheHttpClient.testConnection(187) - responseCode = 200
2018-08-22 23:20:37 INFO  ApacheHttpClient.testConnection(198) - result = true
2018-08-22 23:20:41 INFO  ApacheHttpClient.getWebResourceAsStream(437) - responseCode = 200
2018-08-22 23:21:17 INFO  ApacheHttpClient.sendEvent(470) - responseCode = 200
2018-08-22 23:22:17 INFO  ApacheHttpClient.sendEvent(470) - responseCode = 200
2018-08-22 23:23:17 INFO  ApacheHttpClient.sendEvent(470) - responseCode = 200
2018-08-22 23:24:17 INFO  ApacheHttpClient.sendEvent(470) - responseCode = 200
2018-08-22 23:25:17 INFO  ApacheHttpClient.sendEvent(470) - responseCode = 200
2018-08-22 23:25:34 INFO  ApacheHttpClient.getWebResourceAsStream(437) - responseCode = 200
2018-08-22 23:25:34 INFO  ApacheHttpClient.getTask(422) - responseCode = 200
2018-08-22 23:25:34 INFO  ApacheHttpClient.getWebResourceAsStream(437) - responseCode = 200
2018-08-22 23:25:36 INFO  ApacheHttpClient.completed(27) - responseCode = 200
2018-08-22 23:25:36 INFO  ApacheHttpClient.getTask(422) - responseCode = 200
2018-08-22 23:25:38 INFO  ApacheHttpClient.getWebResourceAsStream(437) - responseCode = 200
2018-08-22 23:25:38 INFO  ApacheHttpClient.getFilteredTasks(324) - responseCode = 200
2018-08-22 23:25:39 INFO  ApacheHttpClient.getTaskTemplateInfo(341) - responseCode = 200
2018-08-22 23:25:41 INFO  ApacheHttpClient.testConnection(187) - responseCode = 200
2018-08-22 23:25:41 INFO  ApacheHttpClient.testConnection(198) - result = true
2018-08-22 23:25:41 INFO  ApacheHttpClient.testConnection(187) - responseCode = 200
2018-08-22 23:25:41 INFO  ApacheHttpClient.testConnection(198) - result = true
2018-08-22 23:25:41 INFO  ApacheHttpClient.getWebResourceAsStream(437) - responseCode = 200
2018-08-22 23:26:17 INFO  ApacheHttpClient.sendEvent(470) - responseCode = 200
2018-08-22 23:27:17 INFO  ApacheHttpClient.sendEvent(470) - responseCode = 200
2018-08-22 23:28:17 INFO  ApacheHttpClient.sendEvent(470) - responseCode = 200
2018-08-22 23:29:17 INFO  ApacheHttpClient.sendEvent(470) - responseCode = 200
2018-08-22 23:30:17 INFO  ApacheHttpClient.sendEvent(470) - responseCode = 200
2018-08-22 23:31:17 INFO  ApacheHttpClient.sendEvent(470) - responseCode = 200
2018-08-22 23:32:17 INFO  ApacheHttpClient.sendEvent(470) - responseCode = 200
2018-08-22 23:33:17 INFO  ApacheHttpClient.sendEvent(470) - responseCode = 200
2018-08-22 23:34:17 INFO  ApacheHttpClient.sendEvent(470) - responseCode = 200
2018-08-22 23:34:19 INFO  ApacheHttpClient.getWebResourceAsStream(437) - responseCode = 200
2018-08-22 23:34:20 INFO  ApacheHttpClient.getTask(422) - responseCode = 200
2018-08-22 23:34:20 INFO  ApacheHttpClient.getWebResourceAsStream(437) - responseCode = 200
2018-08-22 23:34:23 INFO  ApacheHttpClient.completed(27) - responseCode = 200
2018-08-22 23:35:17 INFO  ApacheHttpClient.sendEvent(470) - responseCode = 200
2018-08-22 23:35:38 INFO  ApacheHttpClient.getWebResourceAsStream(437) - responseCode = 200
2018-08-22 23:35:38 INFO  ApacheHttpClient.getTask(422) - responseCode = 200
2018-08-22 23:35:38 INFO  ApacheHttpClient.getWebResourceAsStream(437) - responseCode = 200
2018-08-22 23:35:42 INFO  ApacheHttpClient.completed(27) - responseCode = 200
2018-08-22 23:36:02 INFO  ApacheHttpClient.getWebResourceAsStream(437) - responseCode = 200
2018-08-22 23:36:02 INFO  ApacheHttpClient.getTask(422) - responseCode = 200
2018-08-22 23:36:02 INFO  ApacheHttpClient.getWebResourceAsStream(437) - responseCode = 200
2018-08-22 23:36:05 INFO  ApacheHttpClient.completed(27) - responseCode = 200
2018-08-22 23:36:17 INFO  ApacheHttpClient.sendEvent(470) - responseCode = 200
2018-08-22 23:36:25 INFO  ApacheHttpClient.getWebResourceAsStream(437) - responseCode = 200
2018-08-22 23:36:25 INFO  ApacheHttpClient.getTask(422) - responseCode = 200
2018-08-22 23:36:25 INFO  ApacheHttpClient.getWebResourceAsStream(437) - responseCode = 200
2018-08-22 23:36:28 INFO  ApacheHttpClient.completed(27) - responseCode = 200
2018-08-22 23:37:06 INFO  ApacheHttpClient.getWebResourceAsStream(437) - responseCode = 200
2018-08-22 23:37:07 INFO  ApacheHttpClient.getTask(422) - responseCode = 200
2018-08-22 23:37:07 INFO  ApacheHttpClient.getWebResourceAsStream(437) - responseCode = 200
2018-08-22 23:37:10 INFO  ApacheHttpClient.completed(27) - responseCode = 200
2018-08-22 23:37:10 INFO  ApacheHttpClient.getTask(422) - responseCode = 200
2018-08-22 23:37:14 INFO  ApacheHttpClient.getWebResourceAsStream(437) - responseCode = 200
2018-08-22 23:37:14 INFO  ApacheHttpClient.getFilteredTasks(324) - responseCode = 200
2018-08-22 23:37:16 INFO  ApacheHttpClient.getTaskTemplateInfo(341) - responseCode = 200
2018-08-22 23:37:17 INFO  ApacheHttpClient.sendEvent(470) - responseCode = 200
2018-08-22 23:37:18 INFO  ApacheHttpClient.testConnection(187) - responseCode = 200
2018-08-22 23:37:18 INFO  ApacheHttpClient.testConnection(198) - result = true
2018-08-22 23:37:18 INFO  ApacheHttpClient.testConnection(187) - responseCode = 200
2018-08-22 23:37:18 INFO  ApacheHttpClient.testConnection(198) - result = true
2018-08-22 23:37:18 INFO  ApacheHttpClient.getWebResourceAsStream(437) - responseCode = 200
2018-08-22 23:38:17 INFO  ApacheHttpClient.sendEvent(470) - responseCode = 200
2018-08-22 23:39:17 INFO  ApacheHttpClient.sendEvent(470) - responseCode = 200
2018-08-22 23:40:17 INFO  ApacheHttpClient.sendEvent(470) - responseCode = 200
2018-08-22 23:40:34 ERROR StubProcessingHelperBase.error(118) - Stub index points to a file without PSI: com.intellij.openapi.fileTypes.UnknownFileType@22eb6322, used scope com.intellij.psi.impl.search.JavaSourceFilterScope[Module with dependencies:3.JavaMultithreading compile only:true include libraries:true include other modules:true include tests:false]
java.lang.Throwable: Stub index points to a file without PSI: com.intellij.openapi.fileTypes.UnknownFileType@22eb6322, used scope com.intellij.psi.impl.search.JavaSourceFilterScope[Module with dependencies:3.JavaMultithreading compile only:true include libraries:true include other modules:true include tests:false]
	at com.intellij.openapi.diagnostic.Logger.error(Logger.java:123)
	at com.intellij.psi.stubs.StubProcessingHelperBase.processStubsInFile(StubProcessingHelperBase.java:51)
	at com.intellij.psi.stubs.StubIndexImpl$2.process(StubIndexImpl.java:319)
	at com.intellij.psi.stubs.StubIndexImpl$StubIdListContainerAction.perform(StubIndexImpl.java:641)
	at com.intellij.psi.stubs.StubIndexImpl$StubIdListContainerAction.perform(StubIndexImpl.java:629)
	at com.intellij.util.indexing.ValueContainer.forEach(ValueContainer.java:61)
	at com.intellij.psi.stubs.StubIndexImpl.doProcessStubs(StubIndexImpl.java:348)
	at com.intellij.psi.stubs.StubIndexImpl.processElements(StubIndexImpl.java:310)
	at com.intellij.psi.stubs.StubIndex.getElements(StubIndex.java:145)
	at com.intellij.psi.stubs.StubIndex.getElements(StubIndex.java:134)
	at com.intellij.psi.impl.java.stubs.index.JavaShortClassNameIndex.get(JavaShortClassNameIndex.java:53)
	at com.intellij.psi.impl.PsiShortNamesCacheImpl.getClassesByName(PsiShortNamesCacheImpl.java:65)
	at com.intellij.psi.impl.CompositeShortNamesCache.getClassesByName(CompositeShortNamesCache.java:76)
	at com.intellij.psi.impl.search.AllClassesSearchExecutor.lambda$processClassesByNames$1(AllClassesSearchExecutor.java:82)
	at com.intellij.openapi.project.DumbService.lambda$runReadActionInSmartMode$0(DumbService.java:79)
	at com.intellij.openapi.project.DumbService.runReadActionInSmartMode(DumbService.java:110)
	at com.intellij.openapi.project.DumbService.runReadActionInSmartMode(DumbService.java:79)
	at com.intellij.psi.impl.search.AllClassesSearchExecutor.processClassesByNames(AllClassesSearchExecutor.java:82)
	at com.intellij.codeInsight.completion.AllClassesGetter.processJavaClasses(AllClassesGetter.java:150)
	at com.intellij.codeInsight.completion.AllClassesGetter.processJavaClasses(AllClassesGetter.java:136)
	at com.intellij.codeInsight.completion.JavaClassNameCompletionContributor.addAllClasses(JavaClassNameCompletionContributor.java:142)
	at com.intellij.codeInsight.completion.JavaNoVariantsDelegator.suggestNonImportedClasses(JavaNoVariantsDelegator.java:186)
	at com.intellij.codeInsight.completion.JavaNoVariantsDelegator.fillCompletionVariants(JavaNoVariantsDelegator.java:76)
	at com.intellij.codeInsight.completion.CompletionService.getVariantsFromContributors(CompletionService.java:84)
	at com.intellij.codeInsight.completion.CompletionResultSet.runRemainingContributors(CompletionResultSet.java:149)
	at com.intellij.codeInsight.completion.CompletionResultSet.runRemainingContributors(CompletionResultSet.java:142)
	at com.intellij.codeInsight.template.impl.LiveTemplateCompletionContributor$2.addCompletions(LiveTemplateCompletionContributor.java:90)
	at com.intellij.codeInsight.completion.CompletionProvider.addCompletionVariants(CompletionProvider.java:36)
	at com.intellij.codeInsight.completion.CompletionContributor.fillCompletionVariants(CompletionContributor.java:143)
	at com.intellij.codeInsight.completion.CompletionService.getVariantsFromContributors(CompletionService.java:84)
	at com.intellij.codeInsight.completion.CompletionService.performCompletion(CompletionService.java:116)
	at com.intellij.codeInsight.completion.CompletionProgressIndicator.calculateItems(CompletionProgressIndicator.java:812)
	at com.intellij.codeInsight.completion.CompletionProgressIndicator.runContributors(CompletionProgressIndicator.java:797)
	at com.intellij.codeInsight.completion.CodeCompletionHandlerBase.lambda$null$2(CodeCompletionHandlerBase.java:293)
	at com.intellij.openapi.application.impl.ApplicationImpl.tryRunReadAction(ApplicationImpl.java:1134)
	at com.intellij.codeInsight.completion.AsyncCompletion.tryReadOrCancel(CompletionThreading.java:181)
	at com.intellij.codeInsight.completion.CodeCompletionHandlerBase.lambda$doComplete$3(CodeCompletionHandlerBase.java:290)
	at com.intellij.codeInsight.completion.AsyncCompletion.lambda$null$0(CompletionThreading.java:108)
	at com.intellij.openapi.progress.impl.CoreProgressManager.lambda$runProcess$1(CoreProgressManager.java:157)
	at com.intellij.openapi.progress.impl.CoreProgressManager.registerIndicatorAndRun(CoreProgressManager.java:580)
	at com.intellij.openapi.progress.impl.CoreProgressManager.executeProcessUnderProgress(CoreProgressManager.java:525)
	at com.intellij.openapi.progress.impl.ProgressManagerImpl.executeProcessUnderProgress(ProgressManagerImpl.java:85)
	at com.intellij.openapi.progress.impl.CoreProgressManager.runProcess(CoreProgressManager.java:144)
	at com.intellij.codeInsight.completion.AsyncCompletion.lambda$startThread$1(CompletionThreading.java:104)
	at com.intellij.openapi.application.impl.ApplicationImpl$1.run(ApplicationImpl.java:305)
	at java.util.concurrent.Executors$RunnableAdapter.call(Executors.java:511)
	at java.util.concurrent.FutureTask.run(FutureTask.java:266)
	at java.util.concurrent.ThreadPoolExecutor.runWorker(ThreadPoolExecutor.java:1142)
	at java.util.concurrent.ThreadPoolExecutor$Worker.run(ThreadPoolExecutor.java:617)
	at java.lang.Thread.run(Thread.java:745)
2018-08-22 23:40:34 ERROR StubProcessingHelperBase.logErrorHeader(126) - IntelliJ IDEA 2018.1.2  Build #IC-181.4668.68
2018-08-22 23:40:34 ERROR StubProcessingHelperBase.logErrorHeader(133) - JDK: 1.8.0_152-release
2018-08-22 23:40:34 ERROR StubProcessingHelperBase.logErrorHeader(134) - VM: OpenJDK 64-Bit Server VM
2018-08-22 23:40:34 ERROR StubProcessingHelperBase.logErrorHeader(135) - Vendor: JetBrains s.r.o
2018-08-22 23:40:34 ERROR StubProcessingHelperBase.logErrorHeader(136) - OS: Windows 10
2018-08-22 23:40:34 ERROR StubProcessingHelperBase.logErrorHeader(142) - Last Action: EditorBackSpace
2018-08-22 23:41:17 INFO  ApacheHttpClient.sendEvent(470) - responseCode = 200
2018-08-22 23:42:17 INFO  ApacheHttpClient.sendEvent(470) - responseCode = 200
2018-08-22 23:43:17 INFO  ApacheHttpClient.sendEvent(470) - responseCode = 200
2018-08-22 23:44:17 INFO  ApacheHttpClient.sendEvent(470) - responseCode = 200
2018-08-22 23:45:17 INFO  ApacheHttpClient.sendEvent(470) - responseCode = 200
2018-08-22 23:46:17 INFO  ApacheHttpClient.sendEvent(470) - responseCode = 200
2018-08-22 23:47:17 INFO  ApacheHttpClient.sendEvent(470) - responseCode = 200
2018-08-22 23:48:17 INFO  ApacheHttpClient.sendEvent(470) - responseCode = 200
2018-08-22 23:49:17 INFO  ApacheHttpClient.sendEvent(470) - responseCode = 200
2018-08-22 23:50:17 INFO  ApacheHttpClient.sendEvent(470) - responseCode = 200
2018-08-22 23:51:17 INFO  ApacheHttpClient.sendEvent(470) - responseCode = 200
2018-08-22 23:52:17 INFO  ApacheHttpClient.sendEvent(470) - responseCode = 200
2018-08-22 23:52:54 INFO  ApacheHttpClient.getWebResourceAsStream(437) - responseCode = 200
2018-08-22 23:52:55 INFO  ApacheHttpClient.getTask(422) - responseCode = 200
2018-08-22 23:52:55 INFO  ApacheHttpClient.getWebResourceAsStream(437) - responseCode = 200
2018-08-22 23:52:59 INFO  ApacheHttpClient.completed(27) - responseCode = 200
2018-08-22 23:53:17 INFO  ApacheHttpClient.sendEvent(470) - responseCode = 200
2018-08-22 23:54:17 INFO  ApacheHttpClient.sendEvent(470) - responseCode = 200
2018-08-22 23:55:17 INFO  ApacheHttpClient.sendEvent(470) - responseCode = 200
2018-08-22 23:56:17 INFO  ApacheHttpClient.sendEvent(470) - responseCode = 200
2018-08-22 23:56:48 INFO  ApacheHttpClient.getWebResourceAsStream(437) - responseCode = 200
2018-08-22 23:56:49 INFO  ApacheHttpClient.getTask(422) - responseCode = 200
2018-08-22 23:56:49 INFO  ApacheHttpClient.getWebResourceAsStream(437) - responseCode = 200
2018-08-22 23:56:53 INFO  ApacheHttpClient.completed(27) - responseCode = 200
2018-08-22 23:56:59 INFO  ApacheHttpClient.getWebResourceAsStream(437) - responseCode = 200
2018-08-22 23:56:59 WARN  JavaRushUtil.getCurrentTask(66) - Ошибка получения ключа задачи.
2018-08-22 23:56:59 INFO  ApacheHttpClient.getTask(422) - responseCode = 200
2018-08-22 23:57:17 INFO  ApacheHttpClient.sendEvent(470) - responseCode = 200
2018-08-22 23:57:40 INFO  ApacheHttpClient.getWebResourceAsStream(437) - responseCode = 200
2018-08-22 23:57:41 INFO  ApacheHttpClient.getTask(422) - responseCode = 200
2018-08-22 23:57:41 INFO  ApacheHttpClient.getWebResourceAsStream(437) - responseCode = 200
2018-08-22 23:58:12 INFO  ApacheHttpClient.completed(27) - responseCode = 200
2018-08-22 23:58:17 INFO  ApacheHttpClient.sendEvent(470) - responseCode = 200
2018-08-22 23:59:17 INFO  ApacheHttpClient.sendEvent(470) - responseCode = 200
2018-08-23 00:00:17 INFO  ApacheHttpClient.sendEvent(470) - responseCode = 200
2018-08-23 00:01:17 INFO  ApacheHttpClient.sendEvent(470) - responseCode = 200
2018-08-23 00:02:17 INFO  ApacheHttpClient.sendEvent(470) - responseCode = 200
2018-08-23 00:02:55 INFO  ApacheHttpClient.getWebResourceAsStream(437) - responseCode = 200
2018-08-23 00:02:55 INFO  ApacheHttpClient.getWebResourceAsStream(437) - responseCode = 200
2018-08-23 00:02:56 INFO  ApacheHttpClient.getTask(422) - responseCode = 200
2018-08-23 00:03:02 INFO  ApacheHttpClient.completed(27) - responseCode = 200
2018-08-23 00:03:02 INFO  ApacheHttpClient.getTask(422) - responseCode = 200
2018-08-23 00:03:17 INFO  ApacheHttpClient.sendEvent(470) - responseCode = 200
2018-08-23 00:03:28 INFO  JavaRushTasksProjectComponent.projectClosing(165) - ---------- Project JavaRushTasks closed ----------

2018-08-23 00:03:28 INFO  ApacheHttpClient.getTask(422) - responseCode = 200
2018-08-23 00:03:28 INFO  ApacheHttpClient.getTask(422) - responseCode = 200
2018-08-23 00:03:28 INFO  ApacheHttpClient.getTask(422) - responseCode = 200
